Heap:
 PSYoungGen      total 53248K, used 42997K [0x00000000d6300000, 0x00000000d9c80000, 0x0000000100000000)
  eden space 48128K, 78% used [0x00000000d6300000,0x00000000d8805738,0x00000000d9200000)
  from space 5120K, 99% used [0x00000000d9200000,0x00000000d96f8010,0x00000000d9700000)
  to   space 5120K, 0% used [0x00000000d9700000,0x00000000d9700000,0x00000000d9c00000)
 ParOldGen       total 55296K, used 8616K [0x0000000082800000, 0x0000000085e00000, 0x00000000d6300000)
  object space 55296K, 15% used [0x0000000082800000,0x000000008306a380,0x0000000085e00000)
 Metaspace       used 23966K, capacity 24928K, committed 24960K, reserved 1071104K
  class space    used 3207K, capacity 3438K, committed 3456K, reserved 1048576K
GC Heap History (10 events):
Event: 5.792 GC heap before
{Heap before GC invocations=7 (full 1):
 PSYoungGen      total 53248K, used 6922K [0x00000000d6300000, 0x00000000d9c80000, 0x0000000100000000)
  eden space 48128K, 3% used [0x00000000d6300000,0x00000000d64c5ec0,0x00000000d9200000)
  from space 5120K, 99% used [0x00000000d9200000,0x00000000d96fca78,0x00000000d9700000)
  to   space 5120K, 0% used [0x00000000d9700000,0x00000000d9700000,0x00000000d9c00000)
 ParOldGen       total 55296K, used 5003K [0x0000000082800000, 0x0000000085e00000, 0x00000000d6300000)
  object space 55296K, 9% used [0x0000000082800000,0x0000000082ce2e40,0x0000000085e00000)
 Metaspace       used 20497K, capacity 21168K, committed 21296K, reserved 1069056K
  class space    used 2698K, capacity 2870K, committed 2944K, reserved 1048576K
Event: 5.797 GC heap after
Heap after GC invocations=7 (full 1):
 PSYoungGen      total 53248K, used 2560K [0x00000000d6300000, 0x00000000d9c80000, 0x0000000100000000)
  eden space 48128K, 0% used [0x00000000d6300000,0x00000000d6300000,0x00000000d9200000)
  from space 5120K, 50% used [0x00000000d9700000,0x00000000d9980020,0x00000000d9c00000)
  to   space 5120K, 0% used [0x00000000d9200000,0x00000000d9200000,0x00000000d9700000)
 ParOldGen       total 55296K, used 5011K [0x0000000082800000, 0x0000000085e00000, 0x00000000d6300000)
  object space 55296K, 9% used [0x0000000082800000,0x0000000082ce4e40,0x0000000085e00000)
 Metaspace       used 20497K, capacity 21168K, committed 21296K, reserved 1069056K
  class space    used 2698K, capacity 2870K, committed 2944K, reserved 1048576K
}
Event: 5.797 GC heap before
{Heap before GC invocations=8 (full 2):
 PSYoungGen      total 53248K, used 2560K [0x00000000d6300000, 0x00000000d9c80000, 0x0000000100000000)
  eden space 48128K, 0% used [0x00000000d6300000,0x00000000d6300000,0x00000000d9200000)
  from space 5120K, 50% used [0x00000000d9700000,0x00000000d9980020,0x00000000d9c00000)
  to   space 5120K, 0% used [0x00000000d9200000,0x00000000d9200000,0x00000000d9700000)
 ParOldGen       total 55296K, used 5011K [0x0000000082800000, 0x0000000085e00000, 0x00000000d6300000)
  object space 55296K, 9% used [0x0000000082800000,0x0000000082ce4e40,0x0000000085e00000)
 Metaspace       used 20497K, capacity 21168K, committed 21296K, reserved 1069056K
  class space    used 2698K, capacity 2870K, committed 2944K, reserved 1048576K
Event: 5.837 GC heap after
Heap after GC invocations=8 (full 2):
 PSYoungGen      total 53248K, used 0K [0x00000000d6300000, 0x00000000d9c80000, 0x0000000100000000)
  eden space 48128K, 0% used [0x00000000d6300000,0x00000000d6300000,0x00000000d9200000)
  from space 5120K, 0% used [0x00000000d9700000,0x00000000d9700000,0x00000000d9c00000)
  to   space 5120K, 0% used [0x00000000d9200000,0x00000000d9200000,0x00000000d9700000)
 ParOldGen       total 55296K, used 5824K [0x0000000082800000, 0x0000000085e00000, 0x00000000d6300000)
  object space 55296K, 10% used [0x0000000082800000,0x0000000082db0098,0x0000000085e00000)
 Metaspace       used 20495K, capacity 21162K, committed 21296K, reserved 1069056K
  class space    used 2697K, capacity 2869K, committed 2944K, reserved 1048576K
}
Event: 6.529 GC heap before
{Heap before GC invocations=9 (full 2):
 PSYoungGen      total 53248K, used 48128K [0x00000000d6300000, 0x00000000d9c80000, 0x0000000100000000)
  eden space 48128K, 100% used [0x00000000d6300000,0x00000000d9200000,0x00000000d9200000)
  from space 5120K, 0% used [0x00000000d9700000,0x00000000d9700000,0x00000000d9c00000)
  to   space 5120K, 0% used [0x00000000d9200000,0x00000000d9200000,0x00000000d9700000)
 ParOldGen       total 55296K, used 5824K [0x0000000082800000, 0x0000000085e00000, 0x00000000d6300000)
  object space 55296K, 10% used [0x0000000082800000,0x0000000082db0098,0x0000000085e00000)
 Metaspace       used 22907K, capacity 23720K, committed 24064K, reserved 1071104K
  class space    used 3037K, capacity 3222K, committed 3328K, reserved 1048576K
Event: 6.535 GC heap after
Heap after GC invocations=9 (full 2):
 PSYoungGen      total 53248K, used 3290K [0x00000000d6300000, 0x00000000d9c80000, 0x0000000100000000)
  eden space 48128K, 0% used [0x00000000d6300000,0x00000000d6300000,0x00000000d9200000)
  from space 5120K, 64% used [0x00000000d9200000,0x00000000d9536bd0,0x00000000d9700000)
  to   space 5120K, 0% used [0x00000000d9700000,0x00000000d9700000,0x00000000d9c00000)
 ParOldGen       total 55296K, used 5832K [0x0000000082800000, 0x0000000085e00000, 0x00000000d6300000)
  object space 55296K, 10% used [0x0000000082800000,0x0000000082db2098,0x0000000085e00000)
 Metaspace       used 22907K, capacity 23720K, committed 24064K, reserved 1071104K
  class space    used 3037K, capacity 3222K, committed 3328K, reserved 1048576K
}
Event: 8.425 GC heap before
{Heap before GC invocations=10 (full 2):
 PSYoungGen      total 53248K, used 51418K [0x00000000d6300000, 0x00000000d9c80000, 0x0000000100000000)
  eden space 48128K, 100% used [0x00000000d6300000,0x00000000d9200000,0x00000000d9200000)
  from space 5120K, 64% used [0x00000000d9200000,0x00000000d9536bd0,0x00000000d9700000)
  to   space 5120K, 0% used [0x00000000d9700000,0x00000000d9700000,0x00000000d9c00000)
 ParOldGen       total 55296K, used 5832K [0x0000000082800000, 0x0000000085e00000, 0x00000000d6300000)
  object space 55296K, 10% used [0x0000000082800000,0x0000000082db2098,0x0000000085e00000)
 Metaspace       used 23945K, capacity 24928K, committed 24960K, reserved 1071104K
  class space    used 3204K, capacity 3438K, committed 3456K, reserved 1048576K
Event: 8.435 GC heap after
Heap after GC invocations=10 (full 2):
 PSYoungGen      total 53248K, used 4703K [0x00000000d6300000, 0x00000000d9c80000, 0x0000000100000000)
  eden space 48128K, 0% used [0x00000000d6300000,0x00000000d6300000,0x00000000d9200000)
  from space 5120K, 91% used [0x00000000d9700000,0x00000000d9b97de8,0x00000000d9c00000)
  to   space 5120K, 0% used [0x00000000d9200000,0x00000000d9200000,0x00000000d9700000)
 ParOldGen       total 55296K, used 5840K [0x0000000082800000, 0x0000000085e00000, 0x00000000d6300000)
  object space 55296K, 10% used [0x0000000082800000,0x0000000082db4098,0x0000000085e00000)
 Metaspace       used 23945K, capacity 24928K, committed 24960K, reserved 1071104K
  class space    used 3204K, capacity 3438K, committed 3456K, reserved 1048576K
}
Event: 8.612 GC heap before
{Heap before GC invocations=11 (full 2):
 PSYoungGen      total 53248K, used 52831K [0x00000000d6300000, 0x00000000d9c80000, 0x0000000100000000)
  eden space 48128K, 100% used [0x00000000d6300000,0x00000000d9200000,0x00000000d9200000)
  from space 5120K, 91% used [0x00000000d9700000,0x00000000d9b97de8,0x00000000d9c00000)
  to   space 5120K, 0% used [0x00000000d9200000,0x00000000d9200000,0x00000000d9700000)
 ParOldGen       total 55296K, used 5840K [0x0000000082800000, 0x0000000085e00000, 0x00000000d6300000)
  object space 55296K, 10% used [0x0000000082800000,0x0000000082db4098,0x0000000085e00000)
 Metaspace       used 23961K, capacity 24928K, committed 24960K, reserved 1071104K
  class space    used 3206K, capacity 3438K, committed 3456K, reserved 1048576K
Event: 8.620 GC heap after
Heap after GC invocations=11 (full 2):
 PSYoungGen      total 53248K, used 5088K [0x00000000d6300000, 0x00000000d9c80000, 0x0000000100000000)
  eden space 48128K, 0% used [0x00000000d6300000,0x00000000d6300000,0x00000000d9200000)
  from space 5120K, 99% used [0x00000000d9200000,0x00000000d96f8010,0x00000000d9700000)
  to   space 5120K, 0% used [0x00000000d9700000,0x00000000d9700000,0x00000000d9c00000)
 ParOldGen       total 55296K, used 8616K [0x0000000082800000, 0x0000000085e00000, 0x00000000d6300000)
  object space 55296K, 15% used [0x0000000082800000,0x000000008306a380,0x0000000085e00000)
 Metaspace       used 23961K, capacity 24928K, committed 24960K, reserved 1071104K
  class space    used 3206K, capacity 3438K, committed 3456K, reserved 1048576K
}

